[2025-04-16 20:57:11] Starting image request
[2025-04-16 20:57:11] Processing image request: {"id":2}
[2025-04-16 20:57:11] Query executed: {"rows":1}
[2025-04-16 20:57:11] Image found, serving with content type: image/jpeg
[2025-04-16 20:57:13] Starting image request
[2025-04-16 20:57:13] Processing image request: {"id":2}
[2025-04-16 20:57:13] Query executed: {"rows":1}
[2025-04-16 20:57:13] Image found, serving with content type: image/jpeg
[2025-04-16 20:57:28] Starting image request
[2025-04-16 20:57:28] Processing image request: {"id":1}
[2025-04-16 20:57:28] Query executed: {"rows":1}
[2025-04-16 20:57:28] Image found, serving with content type: image/jpeg
[2025-04-16 21:51:59] Starting image request
[2025-04-16 21:51:59] Processing image request: {"id":1}
[2025-04-16 21:51:59] Query executed: {"rows":1}
[2025-04-16 21:51:59] Image found, serving with content type: image/jpeg
[2025-04-16 21:52:00] Starting image request
[2025-04-16 21:52:00] Processing image request: {"id":1}
[2025-04-16 21:52:00] Query executed: {"rows":1}
[2025-04-16 21:52:00] Image found, serving with content type: image/jpeg
[2025-04-16 21:52:04] Starting image request
[2025-04-16 21:52:04] Processing image request: {"id":1}
[2025-04-16 21:52:04] Query executed: {"rows":1}
[2025-04-16 21:52:04] Image found, serving with content type: image/jpeg
[2025-04-16 21:52:14] Starting image request
[2025-04-16 21:52:14] Processing image request: {"id":1}
[2025-04-16 21:52:14] Query executed: {"rows":1}
[2025-04-16 21:52:14] Image found, serving with content type: image/jpeg
[2025-04-16 21:52:23] Starting image request
[2025-04-16 21:52:23] Processing image request: {"id":1}
[2025-04-16 21:52:24] Query executed: {"rows":1}
[2025-04-16 21:52:24] Image found, serving with content type: image/jpeg
[2025-04-16 21:53:02] Starting image request
[2025-04-16 21:53:02] Processing image request: {"id":2}
[2025-04-16 21:53:02] Query executed: {"rows":1}
[2025-04-16 21:53:02] Image found, serving with content type: image/jpeg
[2025-04-16 21:53:04] Starting image request
[2025-04-16 21:53:04] Processing image request: {"id":2}
[2025-04-16 21:53:04] Query executed: {"rows":1}
[2025-04-16 21:53:04] Image found, serving with content type: image/jpeg
[2025-04-16 21:53:06] Starting image request
[2025-04-16 21:53:06] Processing image request: {"id":2}
[2025-04-16 21:53:06] Query executed: {"rows":1}
[2025-04-16 21:53:06] Image found, serving with content type: image/jpeg
[2025-04-16 21:53:09] Starting image request
[2025-04-16 21:53:09] Processing image request: {"id":2}
[2025-04-16 21:53:09] Query executed: {"rows":1}
[2025-04-16 21:53:09] Image found, serving with content type: image/jpeg
[2025-04-16 21:53:10] Starting image request
[2025-04-16 21:53:10] Processing image request: {"id":2}
[2025-04-16 21:53:10] Query executed: {"rows":1}
[2025-04-16 21:53:10] Image found, serving with content type: image/jpeg
[2025-04-16 21:53:15] Starting image request
[2025-04-16 21:53:15] Processing image request: {"id":2}
[2025-04-16 21:53:15] Query executed: {"rows":1}
[2025-04-16 21:53:15] Image found, serving with content type: image/jpeg
[2025-04-16 21:53:15] Starting image request
[2025-04-16 21:53:15] Processing image request: {"id":2}
[2025-04-16 21:53:15] Query executed: {"rows":1}
[2025-04-16 21:53:15] Image found, serving with content type: image/jpeg
[2025-04-16 21:53:36] Starting image request
[2025-04-16 21:53:36] Processing image request: {"id":1}
[2025-04-16 21:53:36] Query executed: {"rows":1}
[2025-04-16 21:53:36] Image found, serving with content type: image/jpeg
[2025-04-16 21:54:21] Starting image request
[2025-04-16 21:54:21] Processing image request: {"id":1}
[2025-04-16 21:54:21] Query executed: {"rows":1}
[2025-04-16 21:54:21] Image found, serving with content type: image/jpeg
[2025-04-16 21:59:47] Starting image request
[2025-04-16 21:59:47] Processing image request: {"id":1}
[2025-04-16 21:59:47] Query executed: {"rows":1}
[2025-04-16 21:59:47] Image found, serving with content type: image/jpeg
[2025-04-16 21:59:48] Starting image request
[2025-04-16 21:59:48] Processing image request: {"id":1}
[2025-04-16 21:59:48] Query executed: {"rows":1}
[2025-04-16 21:59:48] Image found, serving with content type: image/jpeg
[2025-04-16 21:59:48] Starting image request
[2025-04-16 21:59:48] Processing image request: {"id":1}
[2025-04-16 21:59:48] Query executed: {"rows":1}
[2025-04-16 21:59:48] Image found, serving with content type: image/jpeg
[2025-04-16 21:59:48] Starting image request
[2025-04-16 21:59:48] Processing image request: {"id":1}
[2025-04-16 21:59:48] Query executed: {"rows":1}
[2025-04-16 21:59:48] Image found, serving with content type: image/jpeg
[2025-04-16 22:00:13] Starting image request
[2025-04-16 22:00:13] Processing image request: {"id":1}
[2025-04-16 22:00:13] Query executed: {"rows":1}
[2025-04-16 22:00:13] Image found, serving with content type: image/jpeg
[2025-04-16 22:00:17] Starting image request
[2025-04-16 22:00:17] Processing image request: {"id":1}
[2025-04-16 22:00:17] Query executed: {"rows":1}
[2025-04-16 22:00:17] Image found, serving with content type: image/jpeg
[2025-04-16 22:00:32] Starting image request
[2025-04-16 22:00:33] Processing image request: {"id":2}
[2025-04-16 22:00:33] Query executed: {"rows":1}
[2025-04-16 22:00:33] Image found, serving with content type: image/jpeg
[2025-04-16 22:00:34] Starting image request
[2025-04-16 22:00:34] Processing image request: {"id":2}
[2025-04-16 22:00:34] Query executed: {"rows":1}
[2025-04-16 22:00:34] Image found, serving with content type: image/jpeg
[2025-04-16 22:05:06] Starting image request
[2025-04-16 22:05:06] Processing image request: {"id":2}
[2025-04-16 22:05:06] Query executed: {"rows":1}
[2025-04-16 22:05:06] Image found, serving with content type: image/jpeg
[2025-04-16 22:05:09] Starting image request
[2025-04-16 22:05:09] Processing image request: {"id":2}
[2025-04-16 22:05:09] Query executed: {"rows":1}
[2025-04-16 22:05:09] Image found, serving with content type: image/jpeg
[2025-04-16 22:05:09] Starting image request
[2025-04-16 22:05:09] Processing image request: {"id":2}
[2025-04-16 22:05:09] Query executed: {"rows":1}
[2025-04-16 22:05:09] Image found, serving with content type: image/jpeg
[2025-04-16 22:05:11] Starting image request
[2025-04-16 22:05:11] Processing image request: {"id":2}
[2025-04-16 22:05:11] Query executed: {"rows":1}
[2025-04-16 22:05:11] Image found, serving with content type: image/jpeg
[2025-04-16 22:05:11] Starting image request
[2025-04-16 22:05:11] Processing image request: {"id":2}
[2025-04-16 22:05:11] Query executed: {"rows":1}
[2025-04-16 22:05:11] Image found, serving with content type: image/jpeg
[2025-04-16 22:05:12] Starting image request
[2025-04-16 22:05:12] Processing image request: {"id":2}
[2025-04-16 22:05:12] Query executed: {"rows":1}
[2025-04-16 22:05:12] Image found, serving with content type: image/jpeg
[2025-04-16 22:05:25] Starting image request
[2025-04-16 22:05:25] Processing image request: {"id":2}
[2025-04-16 22:05:25] Query executed: {"rows":1}
[2025-04-16 22:05:25] Image found, serving with content type: image/jpeg
[2025-04-16 22:05:26] Starting image request
[2025-04-16 22:05:26] Processing image request: {"id":2}
[2025-04-16 22:05:26] Query executed: {"rows":1}
[2025-04-16 22:05:26] Image found, serving with content type: image/jpeg
[2025-04-16 22:05:28] Starting image request
[2025-04-16 22:05:28] Processing image request: {"id":2}
[2025-04-16 22:05:28] Query executed: {"rows":1}
[2025-04-16 22:05:28] Image found, serving with content type: image/jpeg
[2025-04-16 22:05:30] Starting image request
[2025-04-16 22:05:31] Processing image request: {"id":2}
[2025-04-16 22:05:31] Query executed: {"rows":1}
[2025-04-16 22:05:31] Image found, serving with content type: image/jpeg
[2025-04-16 22:06:01] Starting image request
[2025-04-16 22:06:01] Starting image request
[2025-04-16 22:06:01] Processing image request: {"id":3}
[2025-04-16 22:06:01] Processing image request: {"id":2}
[2025-04-16 22:06:01] Query executed: {"rows":1}
[2025-04-16 22:06:01] Image found, serving with content type: image/jpeg
[2025-04-16 22:06:01] Query executed: {"rows":1}
[2025-04-16 22:06:01] Image found, serving with content type: image/jpeg
[2025-04-16 22:06:03] Starting image request
[2025-04-16 22:06:03] Starting image request
[2025-04-16 22:06:03] Processing image request: {"id":3}
[2025-04-16 22:06:03] Processing image request: {"id":2}
[2025-04-16 22:06:03] Query executed: {"rows":1}
[2025-04-16 22:06:03] Image found, serving with content type: image/jpeg
[2025-04-16 22:06:03] Query executed: {"rows":1}
[2025-04-16 22:06:03] Image found, serving with content type: image/jpeg
[2025-04-16 22:10:15] Starting image request
[2025-04-16 22:10:15] Processing image request: {"id":1}
[2025-04-16 22:10:15] Query executed: {"rows":1}
[2025-04-16 22:10:15] Image found, serving with content type: image/jpeg
[2025-04-16 22:10:40] Starting image request
[2025-04-16 22:10:40] Starting image request
[2025-04-16 22:10:40] Processing image request: {"id":4}
[2025-04-16 22:10:40] Query executed: {"rows":1}
[2025-04-16 22:10:40] Image found, serving with content type: image/jpeg
[2025-04-16 22:10:40] Query executed: {"rows":1}
[2025-04-16 22:10:40] Image found, serving with content type: image/jpeg
[2025-04-16 22:11:47] Starting image request
[2025-04-16 22:11:47] Processing image request: {"id":4}
[2025-04-16 22:11:47] Query executed: {"rows":1}
[2025-04-16 22:11:47] Image found, serving with content type: image/jpeg
[2025-04-16 22:11:47] Processing image request: {"id":1}
[2025-04-16 22:11:47] Query executed: {"rows":1}
[2025-04-16 22:11:47] Image found, serving with content type: image/jpeg
[2025-04-16 22:17:59] Starting image request
[2025-04-16 22:17:59] Processing image request: {"id":1}
[2025-04-16 22:17:59] Query executed: {"rows":1}
[2025-04-16 22:17:59] Image found, serving with content type: image/jpeg
[2025-04-16 22:18:09] Starting image request
[2025-04-16 22:18:09] Starting image request
[2025-04-16 22:18:09] Processing image request: {"id":4}
[2025-04-16 22:18:09] Query executed: {"rows":1}
[2025-04-16 22:18:09] Processing image request: {"id":1}
[2025-04-16 22:18:09] Image found, serving with content type: image/jpeg
[2025-04-16 22:18:09] Query executed: {"rows":1}
[2025-04-16 22:18:09] Image found, serving with content type: image/jpeg
[2025-04-16 22:19:34] Starting image request
[2025-04-16 22:19:34] Starting image request
[2025-04-16 22:19:34] Processing image request: {"id":4}
[2025-04-16 22:19:34] Processing image request: {"id":1}
[2025-04-16 22:19:34] Query executed: {"rows":1}
[2025-04-16 22:19:34] Image found, serving with content type: image/jpeg
[2025-04-16 22:19:34] Query executed: {"rows":1}
[2025-04-16 22:19:34] Image found, serving with content type: image/jpeg
[2025-04-16 22:19:35] Starting image request
[2025-04-16 22:19:35] Starting image request
[2025-04-16 22:19:35] Processing image request: {"id":4}
[2025-04-16 22:19:35] Processing image request: {"id":1}
[2025-04-16 22:19:35] Query executed: {"rows":1}
[2025-04-16 22:19:35] Image found, serving with content type: image/jpeg
[2025-04-16 22:19:35] Query executed: {"rows":1}
[2025-04-16 22:19:35] Image found, serving with content type: image/jpeg
[2025-04-17 07:57:38] Starting image request
[2025-04-17 07:57:38] Processing image request: {"id":1}
[2025-04-17 07:57:38] Query executed: {"rows":1}
[2025-04-17 07:57:38] Image found, serving with content type: image/jpeg
[2025-04-17 07:57:41] Starting image request
[2025-04-17 07:57:41] Processing image request: {"id":1}
[2025-04-17 07:57:41] Query executed: {"rows":1}
[2025-04-17 07:57:41] Image found, serving with content type: image/jpeg
[2025-04-17 07:59:45] Starting image request
[2025-04-17 07:59:45] Processing image request: {"id":2}
[2025-04-17 07:59:45] Query executed: {"rows":1}
[2025-04-17 07:59:45] Image found, serving with content type: image/jpeg
[2025-04-17 10:10:58] Starting image request
[2025-04-17 10:10:58] Processing image request: {"id":1}
[2025-04-17 10:10:58] Query executed: {"rows":1}
[2025-04-17 10:10:58] Image found, serving with content type: image/jpeg
[2025-04-17 10:11:00] Starting image request
[2025-04-17 10:11:00] Processing image request: {"id":1}
[2025-04-17 10:11:00] Query executed: {"rows":1}
[2025-04-17 10:11:00] Image found, serving with content type: image/jpeg
[2025-04-17 10:11:10] Starting image request
[2025-04-17 10:11:10] Processing image request: {"id":1}
[2025-04-17 10:11:10] Query executed: {"rows":1}
[2025-04-17 10:11:10] Image found, serving with content type: image/jpeg
[2025-04-17 10:11:34] Starting image request
[2025-04-17 10:11:34] Processing image request: {"id":1}
[2025-04-17 10:11:34] Query executed: {"rows":1}
[2025-04-17 10:11:34] Image found, serving with content type: image/jpeg
[2025-04-17 10:22:02] Starting image request
[2025-04-17 10:22:02] Processing image request: {"id":1}
[2025-04-17 10:22:02] Query executed: {"rows":1}
[2025-04-17 10:22:02] Image found, serving with content type: image/jpeg
[2025-04-17 10:26:31] Starting image request
[2025-04-17 10:26:31] Processing image request: {"id":1}
[2025-04-17 10:26:31] Query executed: {"rows":1}
[2025-04-17 10:26:31] Image found, serving with content type: image/jpeg
[2025-04-17 10:26:34] Starting image request
[2025-04-17 10:26:34] Processing image request: {"id":1}
[2025-04-17 10:26:34] Query executed: {"rows":1}
[2025-04-17 10:26:34] Image found, serving with content type: image/jpeg
[2025-04-17 10:26:44] Starting image request
[2025-04-17 10:26:44] Processing image request: {"id":1}
[2025-04-17 10:26:44] Query executed: {"rows":1}
[2025-04-17 10:26:44] Image found, serving with content type: image/jpeg
[2025-04-17 10:36:00] Starting image request
[2025-04-17 10:36:00] Processing image request: {"id":1}
[2025-04-17 10:36:00] Query executed: {"rows":1}
[2025-04-17 10:36:00] Image found, serving with content type: image/jpeg
[2025-04-17 10:36:14] Starting image request
[2025-04-17 10:36:14] Processing image request: {"id":1}
[2025-04-17 10:36:14] Query executed: {"rows":1}
[2025-04-17 10:36:14] Image found, serving with content type: image/jpeg
[2025-04-17 10:37:42] Starting image request
[2025-04-17 10:37:42] Starting image request
[2025-04-17 10:37:42] Processing image request: {"id":3}
[2025-04-17 10:37:42] Query executed: {"rows":1}
[2025-04-17 10:37:42] Image found, serving with content type: image/jpeg
[2025-04-17 10:37:42] Processing image request: {"id":1}
[2025-04-17 10:37:42] Query executed: {"rows":1}
[2025-04-17 10:37:42] Image found, serving with content type: image/jpeg
[2025-04-17 10:37:48] Starting image request
[2025-04-17 10:37:48] Processing image request: {"id":1}
[2025-04-17 10:37:48] Query executed: {"rows":1}
[2025-04-17 10:37:48] Image found, serving with content type: image/jpeg
[2025-04-17 10:37:53] Starting image request
[2025-04-17 10:37:53] Starting image request
[2025-04-17 10:37:53] Processing image request: {"id":1}
[2025-04-17 10:37:53] Processing image request: {"id":3}
[2025-04-17 10:37:53] Query executed: {"rows":1}
[2025-04-17 10:37:53] Image found, serving with content type: image/jpeg
[2025-04-17 10:37:53] Query executed: {"rows":1}
[2025-04-17 10:37:53] Image found, serving with content type: image/jpeg
[2025-04-17 10:37:57] Starting image request
[2025-04-17 10:37:57] Starting image request
[2025-04-17 10:37:57] Processing image request: {"id":3}
[2025-04-17 10:37:57] Processing image request: {"id":1}
[2025-04-17 10:37:57] Query executed: {"rows":1}
[2025-04-17 10:37:57] Image found, serving with content type: image/jpeg
[2025-04-17 10:37:57] Query executed: {"rows":1}
[2025-04-17 10:37:57] Image found, serving with content type: image/jpeg
[2025-04-17 10:37:58] Starting image request
[2025-04-17 10:37:58] Starting image request
[2025-04-17 10:37:58] Processing image request: {"id":1}
[2025-04-17 10:37:58] Processing image request: {"id":3}
[2025-04-17 10:37:58] Query executed: {"rows":1}
[2025-04-17 10:37:58] Image found, serving with content type: image/jpeg
[2025-04-17 10:37:58] Query executed: {"rows":1}
[2025-04-17 10:37:58] Image found, serving with content type: image/jpeg
[2025-04-17 10:38:01] Starting image request
[2025-04-17 10:38:01] Starting image request
[2025-04-17 10:38:01] Processing image request: {"id":1}
[2025-04-17 10:38:01] Query executed: {"rows":1}
[2025-04-17 10:38:01] Image found, serving with content type: image/jpeg
[2025-04-17 10:38:01] Processing image request: {"id":3}
[2025-04-17 10:38:01] Query executed: {"rows":1}
[2025-04-17 10:38:01] Image found, serving with content type: image/jpeg
[2025-04-17 10:38:01] Starting image request
[2025-04-17 10:38:01] Starting image request
[2025-04-17 10:38:01] Processing image request: {"id":3}
[2025-04-17 10:38:01] Query executed: {"rows":1}
[2025-04-17 10:38:01] Image found, serving with content type: image/jpeg
[2025-04-17 10:38:01] Processing image request: {"id":1}
[2025-04-17 10:38:01] Query executed: {"rows":1}
[2025-04-17 10:38:01] Image found, serving with content type: image/jpeg
[2025-04-17 10:38:05] Starting image request
[2025-04-17 10:38:05] Starting image request
[2025-04-17 10:38:05] Processing image request: {"id":3}
[2025-04-17 10:38:05] Query executed: {"rows":1}
[2025-04-17 10:38:05] Image found, serving with content type: image/jpeg
[2025-04-17 10:38:05] Processing image request: {"id":1}
[2025-04-17 10:38:05] Query executed: {"rows":1}
[2025-04-17 10:38:05] Image found, serving with content type: image/jpeg
[2025-04-17 10:38:07] Starting image request
[2025-04-17 10:38:07] Processing image request: {"id":3}
[2025-04-17 10:38:07] Query executed: {"rows":1}
[2025-04-17 10:38:07] Image found, serving with content type: image/jpeg
[2025-04-17 10:38:07] Starting image request
[2025-04-17 10:38:07] Processing image request: {"id":1}
[2025-04-17 10:38:07] Query executed: {"rows":1}
[2025-04-17 10:38:07] Image found, serving with content type: image/jpeg
[2025-04-17 10:38:10] Starting image request
[2025-04-17 10:38:10] Processing image request: {"id":1}
[2025-04-17 10:38:10] Query executed: {"rows":1}
[2025-04-17 10:38:10] Image found, serving with content type: image/jpeg
[2025-04-17 10:38:17] Starting image request
[2025-04-17 10:38:17] Starting image request
[2025-04-17 10:38:17] Processing image request: {"id":3}
[2025-04-17 10:38:17] Query executed: {"rows":1}
[2025-04-17 10:38:17] Image found, serving with content type: image/jpeg
[2025-04-17 10:38:17] Processing image request: {"id":1}
[2025-04-17 10:38:17] Query executed: {"rows":1}
[2025-04-17 10:38:17] Image found, serving with content type: image/jpeg
[2025-04-17 10:38:58] Starting image request
[2025-04-17 10:38:58] Processing image request: {"id":3}
[2025-04-17 10:38:58] Query executed: {"rows":1}
[2025-04-17 10:38:58] Image found, serving with content type: image/jpeg
[2025-04-17 10:39:09] Starting image request
[2025-04-17 10:39:09] Processing image request: {"id":1}
[2025-04-17 10:39:09] Query executed: {"rows":1}
[2025-04-17 10:39:09] Image found, serving with content type: image/jpeg
[2025-04-17 10:39:14] Starting image request
[2025-04-17 10:39:14] Processing image request: {"id":3}
[2025-04-17 10:39:14] Starting image request
[2025-04-17 10:39:14] Query executed: {"rows":1}
[2025-04-17 10:39:14] Image found, serving with content type: image/jpeg
[2025-04-17 10:39:14] Processing image request: {"id":1}
[2025-04-17 10:39:14] Query executed: {"rows":1}
[2025-04-17 10:39:14] Image found, serving with content type: image/jpeg
[2025-04-17 10:39:16] Starting image request
[2025-04-17 10:39:16] Starting image request
[2025-04-17 10:39:16] Processing image request: {"id":1}
[2025-04-17 10:39:16] Processing image request: {"id":3}
[2025-04-17 10:39:16] Query executed: {"rows":1}
[2025-04-17 10:39:16] Image found, serving with content type: image/jpeg
[2025-04-17 10:39:16] Image found, serving with content type: image/jpeg
[2025-04-17 10:39:16] Starting image request
[2025-04-17 10:39:16] Starting image request
[2025-04-17 10:39:16] Processing image request: {"id":3}
[2025-04-17 10:39:16] Query executed: {"rows":1}
[2025-04-17 10:39:16] Image found, serving with content type: image/jpeg
[2025-04-17 10:39:16] Processing image request: {"id":1}
[2025-04-17 10:39:16] Query executed: {"rows":1}
[2025-04-17 10:39:16] Image found, serving with content type: image/jpeg
[2025-04-17 10:39:17] Starting image request
[2025-04-17 10:39:17] Starting image request
[2025-04-17 10:39:17] Processing image request: {"id":3}
[2025-04-17 10:39:17] Processing image request: {"id":1}
[2025-04-17 10:39:17] Query executed: {"rows":1}
[2025-04-17 10:39:17] Query executed: {"rows":1}
[2025-04-17 10:39:17] Image found, serving with content type: image/jpeg
[2025-04-17 10:39:19] Starting image request
[2025-04-17 10:39:19] Starting image request
[2025-04-17 10:39:19] Processing image request: {"id":1}
[2025-04-17 10:39:19] Query executed: {"rows":1}
[2025-04-17 10:39:19] Image found, serving with content type: image/jpeg
[2025-04-17 10:39:19] Processing image request: {"id":3}
[2025-04-17 10:39:19] Query executed: {"rows":1}
[2025-04-17 10:39:19] Image found, serving with content type: image/jpeg
[2025-04-17 10:39:20] Starting image request
[2025-04-17 10:39:20] Starting image request
[2025-04-17 10:39:20] Processing image request: {"id":3}
[2025-04-17 10:39:20] Processing image request: {"id":1}
[2025-04-17 10:39:20] Query executed: {"rows":1}
[2025-04-17 10:39:20] Image found, serving with content type: image/jpeg
[2025-04-17 10:39:20] Query executed: {"rows":1}
[2025-04-17 10:39:20] Image found, serving with content type: image/jpeg
[2025-04-17 10:39:21] Starting image request
[2025-04-17 10:39:21] Starting image request
[2025-04-17 10:39:21] Processing image request: {"id":3}
[2025-04-17 10:39:21] Query executed: {"rows":1}
[2025-04-17 10:39:21] Image found, serving with content type: image/jpeg
[2025-04-17 10:39:21] Processing image request: {"id":1}
[2025-04-17 10:39:21] Query executed: {"rows":1}
[2025-04-17 10:39:21] Image found, serving with content type: image/jpeg
[2025-04-17 10:39:50] Starting image request
[2025-04-17 10:39:50] Processing image request: {"id":4}
[2025-04-17 10:39:50] Query executed: {"rows":1}
[2025-04-17 10:39:50] Image found, serving with content type: image/jpeg
[2025-04-17 10:39:50] Starting image request
[2025-04-17 10:39:50] Starting image request
[2025-04-17 10:39:50] Processing image request: {"id":1}
[2025-04-17 10:39:50] Query executed: {"rows":1}
[2025-04-17 10:39:50] Image found, serving with content type: image/jpeg
[2025-04-17 10:39:50] Processing image request: {"id":3}
[2025-04-17 10:39:50] Query executed: {"rows":1}
[2025-04-17 10:39:50] Image found, serving with content type: image/jpeg
[2025-04-17 10:39:51] Starting image request
[2025-04-17 10:39:51] Starting image request
[2025-04-17 10:39:51] Processing image request: {"id":3}
[2025-04-17 10:39:51] Starting image request
t: {"id":1}
[2025-04-17 10:39:51] Query executed: {"rows":1}
[2025-04-17 10:39:51] Query executed: {"rows":1}
[2025-04-17 10:39:51] Image found, serving with content type: image/jpeg
[2025-04-17 10:39:51] Image found, serving with content type: image/jpeg
[2025-04-17 10:39:51] Processing image request: {"id":4}
[2025-04-17 10:39:51] Query executed: {"rows":1}
[2025-04-17 10:39:51] Image found, serving with content type: image/jpeg
